2018-02-22T20:59:46.396+0800 I CONTROL  [initandlisten] MongoDB starting : pid=3764 port=27017 dbpath=c:\MongoDB\data 64-bit host=DESKTOP-BHDJ2RV
2018-02-22T20:59:46.396+0800 I CONTROL  [initandlisten] targetMinOS: Windows 7/Windows Server 2008 R2
2018-02-22T20:59:46.397+0800 I CONTROL  [initandlisten] db version v3.6.2
2018-02-22T20:59:46.397+0800 I CONTROL  [initandlisten] git version: 489d177dbd0f0420a8ca04d39fd78d0a2c539420
2018-02-22T20:59:46.397+0800 I CONTROL  [initandlisten] OpenSSL version: OpenSSL 1.0.1u-fips  22 Sep 2016
2018-02-22T20:59:46.397+0800 I CONTROL  [initandlisten] allocator: tcmalloc
2018-02-22T20:59:46.397+0800 I CONTROL  [initandlisten] modules: none
2018-02-22T20:59:46.397+0800 I CONTROL  [initandlisten] build environment:
2018-02-22T20:59:46.401+0800 I CONTROL  [initandlisten]     distmod: 2008plus-ssl
2018-02-22T20:59:46.401+0800 I CONTROL  [initandlisten]     distarch: x86_64
2018-02-22T20:59:46.402+0800 I CONTROL  [initandlisten]     target_arch: x86_64
2018-02-22T20:59:46.402+0800 I CONTROL  [initandlisten] options: { storage: { dbPath: "c:\MongoDB\data", journal: { enabled: true } }, systemLog: { destination: "file", path: "d:\MongoDB\log\mongo.log" } }
2018-02-22T20:59:46.402+0800 I STORAGE  [initandlisten] exception in initAndListen: NonExistentPath: Data directory c:\MongoDB\data not found., terminating
2018-02-22T20:59:46.403+0800 I CONTROL  [initandlisten] now exiting
2018-02-22T20:59:46.403+0800 I CONTROL  [initandlisten] shutting down with code:100
2018-02-22T21:21:14.663+0800 I CONTROL  [main] ***** SERVER RESTARTED *****
2018-02-22T21:21:15.080+0800 I CONTROL  [main] Trying to install Windows service 'MongoDB'
2018-02-22T21:21:15.100+0800 I CONTROL  [main] Service 'MongoDB' (MongoDB) installed with command line '"C:\Program Files\MongoDB\Server\3.6\bin\mongod.exe" --config D:\MongoDB\etc\mongodb.conf --service'
2018-02-22T21:21:15.100+0800 I CONTROL  [main] Service can be started from the command line with 'net start MongoDB'
2018-02-22T21:21:46.281+0800 I CONTROL  [main] ***** SERVER RESTARTED *****
2018-02-22T21:21:46.702+0800 I CONTROL  [main] Trying to start Windows service 'MongoDB'
2018-02-22T21:21:46.703+0800 I CONTROL  [initandlisten] MongoDB starting : pid=22448 port=27017 dbpath=d:\MongoDB\data\ 64-bit host=DESKTOP-BHDJ2RV
2018-02-22T21:21:46.703+0800 I CONTROL  [initandlisten] targetMinOS: Windows 7/Windows Server 2008 R2
2018-02-22T21:21:46.703+0800 I CONTROL  [initandlisten] db version v3.6.2
2018-02-22T21:21:46.703+0800 I CONTROL  [initandlisten] git version: 489d177dbd0f0420a8ca04d39fd78d0a2c539420
2018-02-22T21:21:46.703+0800 I CONTROL  [initandlisten] OpenSSL version: OpenSSL 1.0.1u-fips  22 Sep 2016
2018-02-22T21:21:46.703+0800 I CONTROL  [initandlisten] allocator: tcmalloc
2018-02-22T21:21:46.703+0800 I CONTROL  [initandlisten] modules: none
2018-02-22T21:21:46.703+0800 I CONTROL  [initandlisten] build environment:
2018-02-22T21:21:46.703+0800 I CONTROL  [initandlisten]     distmod: 2008plus-ssl
2018-02-22T21:21:46.703+0800 I CONTROL  [initandlisten]     distarch: x86_64
2018-02-22T21:21:46.703+0800 I CONTROL  [initandlisten]     target_arch: x86_64
2018-02-22T21:21:46.704+0800 I CONTROL  [initandlisten] options: { config: "D:\MongoDB\etc\mongodb.conf", net: { port: 27017 }, service: true, storage: { dbPath: "d:\MongoDB\data\", journal: { enabled: true } }, systemLog: { destination: "file", logAppend: true, path: "d:\MongoDB\log\mongo.log", quiet: false } }
2018-02-22T21:21:46.706+0800 I -        [initandlisten] Detected data files in d:\MongoDB\data\ created by the 'wiredTiger' storage engine, so setting the active storage engine to 'wiredTiger'.
2018-02-22T21:21:46.706+0800 I STORAGE  [initandlisten] wiredtiger_open config: create,cache_size=3520M,session_max=20000,eviction=(threads_min=4,threads_max=4),config_base=false,statistics=(fast),log=(enabled=true,archive=true,path=journal,compressor=snappy),file_manager=(close_idle_time=100000),statistics_log=(wait=0),verbose=(recovery_progress),
2018-02-22T21:21:47.062+0800 I STORAGE  [initandlisten] WiredTiger message [1519305707:61698][22448:140727142146384], txn-recover: Main recovery loop: starting at 3/5888
2018-02-22T21:21:47.223+0800 I STORAGE  [initandlisten] WiredTiger message [1519305707:222154][22448:140727142146384], txn-recover: Recovering log 3 through 4
2018-02-22T21:21:47.400+0800 I STORAGE  [initandlisten] WiredTiger message [1519305707:399844][22448:140727142146384], txn-recover: Recovering log 4 through 4
2018-02-22T21:21:47.898+0800 I CONTROL  [initandlisten] 
2018-02-22T21:21:47.898+0800 I CONTROL  [initandlisten] ** WARNING: Access control is not enabled for the database.
2018-02-22T21:21:47.899+0800 I CONTROL  [initandlisten] **          Read and write access to data and configuration is unrestricted.
2018-02-22T21:21:47.899+0800 I CONTROL  [initandlisten] 
2018-02-22T21:21:47.899+0800 I CONTROL  [initandlisten] ** WARNING: This server is bound to localhost.
2018-02-22T21:21:47.899+0800 I CONTROL  [initandlisten] **          Remote systems will be unable to connect to this server. 
2018-02-22T21:21:47.899+0800 I CONTROL  [initandlisten] **          Start the server with --bind_ip <address> to specify which IP 
2018-02-22T21:21:47.899+0800 I CONTROL  [initandlisten] **          addresses it should serve responses from, or with --bind_ip_all to
2018-02-22T21:21:47.899+0800 I CONTROL  [initandlisten] **          bind to all interfaces. If this behavior is desired, start the
2018-02-22T21:21:47.900+0800 I CONTROL  [initandlisten] **          server with --bind_ip 127.0.0.1 to disable this warning.
2018-02-22T21:21:47.900+0800 I CONTROL  [initandlisten] 
2018-02-22T21:21:47.900+0800 I CONTROL  [initandlisten] 
2018-02-22T21:21:47.900+0800 I CONTROL  [initandlisten] ** WARNING: The file system cache of this machine is configured to be greater than 40% of the total memory. This can lead to increased memory pressure and poor performance.
2018-02-22T21:21:47.901+0800 I CONTROL  [initandlisten] See http://dochub.mongodb.org/core/wt-windows-system-file-cache
2018-02-22T21:21:47.901+0800 I CONTROL  [initandlisten] 
2018-02-22T21:21:48.253+0800 I FTDC     [initandlisten] Initializing full-time diagnostic data capture with directory 'd:/MongoDB/data/diagnostic.data'
2018-02-22T21:21:48.255+0800 I NETWORK  [initandlisten] waiting for connections on port 27017
2018-02-22T21:21:48.256+0800 I STORAGE  [initandlisten] Service running
2018-02-22T21:23:12.026+0800 I NETWORK  [listener] connection accepted from 127.0.0.1:57797 #1 (1 connection now open)
2018-02-22T21:23:12.026+0800 I NETWORK  [conn1] received client metadata from 127.0.0.1:57797 conn: { application: { name: "MongoDB Shell" }, driver: { name: "MongoDB Internal Client", version: "3.6.2" }, os: { type: "Windows", name: "Microsoft Windows 10", architecture: "x86_64", version: "10.0 (build 16299)" } }
2018-02-22T21:25:35.418+0800 I NETWORK  [listener] connection accepted from 127.0.0.1:57851 #2 (2 connections now open)
2018-02-22T21:25:35.418+0800 I NETWORK  [conn2] received client metadata from 127.0.0.1:57851 conn: { application: { name: "MongoDB Shell" }, driver: { name: "MongoDB Internal Client", version: "3.6.2" }, os: { type: "Windows", name: "Microsoft Windows 10", architecture: "x86_64", version: "10.0 (build 16299)" } }
2018-02-22T21:25:40.367+0800 I NETWORK  [conn2] end connection 127.0.0.1:57851 (1 connection now open)
2018-02-22T21:25:56.513+0800 I NETWORK  [conn1] end connection 127.0.0.1:57797 (0 connections now open)
2018-02-22T21:26:02.970+0800 I CONTROL  [serviceShutdown] got SERVICE_CONTROL_STOP request from Windows Service Control Manager, will terminate after current cmd ends
2018-02-22T21:26:02.971+0800 I NETWORK  [serviceShutdown] shutdown: going to close listening sockets...
2018-02-22T21:26:02.971+0800 I FTDC     [serviceShutdown] Shutting down full-time diagnostic data capture
2018-02-22T21:26:02.975+0800 I STORAGE  [serviceShutdown] WiredTigerKVEngine shutting down
2018-02-22T21:26:03.509+0800 I STORAGE  [serviceShutdown] shutdown: removing fs lock...
2018-02-22T21:26:03.510+0800 I CONTROL  [serviceShutdown] now exiting
